<?xml version="1.0" encoding="UTF-8"?>
<testng-results ignored="2" total="10" passed="8" failed="0" skipped="0">
  <reporter-output>
  </reporter-output>
  <suite started-at="2024-05-06T19:36:23 IST" name="Suite" finished-at="2024-05-06T19:40:29 IST" duration-ms="245922">
    <groups>
      <group name="cucumber">
        <method signature="AbstractTestNGCucumberTests.runScenario(io.cucumber.testng.PickleWrapper,io.cucumber.testng.FeatureWrapper)[pri:0, instance:testcases.Create_Lead_01@36c88a32]" name="runScenario" class="io.cucumber.testng.AbstractTestNGCucumberTests"/>
        <method signature="AbstractTestNGCucumberTests.runScenario(io.cucumber.testng.PickleWrapper,io.cucumber.testng.FeatureWrapper)[pri:0, instance:testcases.Login_TC_01@69b2283a]" name="runScenario" class="io.cucumber.testng.AbstractTestNGCucumberTests"/>
      </group> <!-- cucumber -->
    </groups>
    <test started-at="2024-05-06T19:36:23 IST" name="Test" finished-at="2024-05-06T19:40:29 IST" duration-ms="245922">
      <class name="testcases.Login_TC_01">
        <test-method is-config="true" signature="setValue()[pri:0, instance:testcases.Login_TC_01@69b2283a]" started-at="2024-05-06T19:36:23 IST" name="setValue" finished-at="2024-05-06T19:36:23 IST" duration-ms="1" status="PASS">
          <reporter-output>
          </reporter-output>
        </test-method> <!-- setValue -->
        <test-method is-config="true" signature="setUpClass(org.testng.ITestContext)[pri:0, instance:testcases.Login_TC_01@69b2283a]" started-at="2024-05-06T19:36:23 IST" name="setUpClass" finished-at="2024-05-06T19:36:27 IST" duration-ms="4133" status="PASS">
          <params>
            <param index="0">
              <value>
                <![CDATA[org.testng.TestRunner@4e423aa2]]>
              </value>
            </param>
          </params>
          <reporter-output>
          </reporter-output>
        </test-method> <!-- setUpClass -->
        <test-method is-config="true" signature="startTestCase()[pri:0, instance:testcases.Login_TC_01@69b2283a]" started-at="2024-05-06T19:36:27 IST" name="startTestCase" finished-at="2024-05-06T19:36:27 IST" duration-ms="148" status="PASS">
          <reporter-output>
          </reporter-output>
        </test-method> <!-- startTestCase -->
        <test-method is-config="true" signature="preCondition(java.lang.String)[pri:0, instance:testcases.Login_TC_01@69b2283a]" started-at="2024-05-06T19:36:28 IST" name="preCondition" finished-at="2024-05-06T19:36:56 IST" duration-ms="28772" status="PASS">
          <params>
            <param index="0">
              <value>
                <![CDATA[langName]]>
              </value>
            </param>
          </params>
          <reporter-output>
          </reporter-output>
        </test-method> <!-- preCondition -->
        <test-method signature="runScenario(io.cucumber.testng.PickleWrapper,io.cucumber.testng.FeatureWrapper)[pri:0, instance:testcases.Login_TC_01@69b2283a]" started-at="2024-05-06T19:36:56 IST" name="runScenario" description="Runs Cucumber Scenarios" data-provider="scenarios" finished-at="2024-05-06T19:37:43 IST" duration-ms="47118" status="PASS">
          <params>
            <param index="0">
              <value>
                <![CDATA["Verify if the user is able to create a lead in application"]]>
              </value>
            </param>
            <param index="1">
              <value>
                <![CDATA["Optional[Create Lead functionality of the application]"]]>
              </value>
            </param>
          </params>
          <reporter-output>
          </reporter-output>
        </test-method> <!-- runScenario -->
        <test-method is-config="true" signature="postCondition()[pri:0, instance:testcases.Login_TC_01@69b2283a]" started-at="2024-05-06T19:37:43 IST" name="postCondition" finished-at="2024-05-06T19:37:44 IST" duration-ms="434" status="PASS">
          <reporter-output>
          </reporter-output>
        </test-method> <!-- postCondition -->
        <test-method is-config="true" signature="preCondition(java.lang.String)[pri:0, instance:testcases.Login_TC_01@69b2283a]" started-at="2024-05-06T19:37:44 IST" name="preCondition" finished-at="2024-05-06T19:38:07 IST" duration-ms="23107" status="PASS">
          <params>
            <param index="0">
              <value>
                <![CDATA[langName]]>
              </value>
            </param>
          </params>
          <reporter-output>
          </reporter-output>
        </test-method> <!-- preCondition -->
        <test-method signature="runScenario(io.cucumber.testng.PickleWrapper,io.cucumber.testng.FeatureWrapper)[pri:0, instance:testcases.Login_TC_01@69b2283a]" started-at="2024-05-06T19:38:07 IST" name="runScenario" description="Runs Cucumber Scenarios" data-provider="scenarios" finished-at="2024-05-06T19:38:49 IST" duration-ms="42129" status="PASS">
          <params>
            <param index="0">
              <value>
                <![CDATA["Verify if the user is able to create a lead in application"]]>
              </value>
            </param>
            <param index="1">
              <value>
                <![CDATA["Optional[Create Lead functionality of the application]"]]>
              </value>
            </param>
          </params>
          <reporter-output>
          </reporter-output>
        </test-method> <!-- runScenario -->
        <test-method is-config="true" signature="postCondition()[pri:0, instance:testcases.Login_TC_01@69b2283a]" started-at="2024-05-06T19:38:49 IST" name="postCondition" finished-at="2024-05-06T19:38:50 IST" duration-ms="614" status="PASS">
          <reporter-output>
          </reporter-output>
        </test-method> <!-- postCondition -->
        <test-method is-config="true" signature="preCondition(java.lang.String)[pri:0, instance:testcases.Login_TC_01@69b2283a]" started-at="2024-05-06T19:38:50 IST" name="preCondition" finished-at="2024-05-06T19:39:15 IST" duration-ms="25243" status="PASS">
          <params>
            <param index="0">
              <value>
                <![CDATA[langName]]>
              </value>
            </param>
          </params>
          <reporter-output>
          </reporter-output>
        </test-method> <!-- preCondition -->
        <test-method signature="runScenario(io.cucumber.testng.PickleWrapper,io.cucumber.testng.FeatureWrapper)[pri:0, instance:testcases.Login_TC_01@69b2283a]" started-at="2024-05-06T19:39:15 IST" name="runScenario" description="Runs Cucumber Scenarios" data-provider="scenarios" finished-at="2024-05-06T19:39:23 IST" duration-ms="7730" status="PASS">
          <params>
            <param index="0">
              <value>
                <![CDATA["Verify if the user is able to login to the Application with valid username and password"]]>
              </value>
            </param>
            <param index="1">
              <value>
                <![CDATA["Optional[Login Functionality]"]]>
              </value>
            </param>
          </params>
          <reporter-output>
          </reporter-output>
        </test-method> <!-- runScenario -->
        <test-method is-config="true" signature="postCondition()[pri:0, instance:testcases.Login_TC_01@69b2283a]" started-at="2024-05-06T19:39:23 IST" name="postCondition" finished-at="2024-05-06T19:39:23 IST" duration-ms="351" status="PASS">
          <reporter-output>
          </reporter-output>
        </test-method> <!-- postCondition -->
        <test-method is-config="true" signature="preCondition(java.lang.String)[pri:0, instance:testcases.Login_TC_01@69b2283a]" started-at="2024-05-06T19:39:24 IST" name="preCondition" finished-at="2024-05-06T19:39:51 IST" duration-ms="26953" status="PASS">
          <params>
            <param index="0">
              <value>
                <![CDATA[langName]]>
              </value>
            </param>
          </params>
          <reporter-output>
          </reporter-output>
        </test-method> <!-- preCondition -->
        <test-method signature="runLogin(java.util.Map)[pri:0, instance:testcases.Login_TC_01@69b2283a]" started-at="2024-05-06T19:39:51 IST" name="runLogin" data-provider="fetchData" finished-at="2024-05-06T19:39:58 IST" duration-ms="7545" status="PASS">
          <params>
            <param index="0">
              <value>
                <![CDATA[{password=crmsfa, username=DemoCSR}]]>
              </value>
            </param>
          </params>
          <reporter-output>
          </reporter-output>
        </test-method> <!-- runLogin -->
        <test-method is-config="true" signature="postCondition()[pri:0, instance:testcases.Login_TC_01@69b2283a]" started-at="2024-05-06T19:39:58 IST" name="postCondition" finished-at="2024-05-06T19:39:59 IST" duration-ms="346" status="PASS">
          <reporter-output>
          </reporter-output>
        </test-method> <!-- postCondition -->
        <test-method is-config="true" signature="tearDownClass()[pri:0, instance:testcases.Login_TC_01@69b2283a]" started-at="2024-05-06T19:39:59 IST" name="tearDownClass" finished-at="2024-05-06T19:39:59 IST" duration-ms="225" status="PASS">
          <reporter-output>
          </reporter-output>
        </test-method> <!-- tearDownClass -->
      </class> <!-- testcases.Login_TC_01 -->
      <class name="testcases.Create_Lead_01">
        <test-method is-config="true" signature="startReport()[pri:0, instance:testcases.Create_Lead_01@36c88a32]" started-at="2024-05-06T19:36:20 IST" name="startReport" finished-at="2024-05-06T19:36:23 IST" duration-ms="2307" status="PASS">
          <reporter-output>
          </reporter-output>
        </test-method> <!-- startReport -->
        <test-method is-config="true" signature="setValue()[pri:0, instance:testcases.Create_Lead_01@36c88a32]" started-at="2024-05-06T19:36:23 IST" name="setValue" finished-at="2024-05-06T19:36:23 IST" duration-ms="1" status="PASS">
          <reporter-output>
          </reporter-output>
        </test-method> <!-- setValue -->
        <test-method is-config="true" signature="setUpClass(org.testng.ITestContext)[pri:0, instance:testcases.Create_Lead_01@36c88a32]" started-at="2024-05-06T19:36:23 IST" name="setUpClass" finished-at="2024-05-06T19:36:27 IST" duration-ms="4133" status="PASS">
          <params>
            <param index="0">
              <value>
                <![CDATA[org.testng.TestRunner@4e423aa2]]>
              </value>
            </param>
          </params>
          <reporter-output>
          </reporter-output>
        </test-method> <!-- setUpClass -->
        <test-method is-config="true" signature="startTestCase()[pri:0, instance:testcases.Create_Lead_01@36c88a32]" started-at="2024-05-06T19:36:27 IST" name="startTestCase" finished-at="2024-05-06T19:36:27 IST" duration-ms="152" status="PASS">
          <reporter-output>
          </reporter-output>
        </test-method> <!-- startTestCase -->
        <test-method is-config="true" signature="preCondition(java.lang.String)[pri:0, instance:testcases.Create_Lead_01@36c88a32]" started-at="2024-05-06T19:36:28 IST" name="preCondition" finished-at="2024-05-06T19:36:54 IST" duration-ms="26043" status="PASS">
          <params>
            <param index="0">
              <value>
                <![CDATA[langName]]>
              </value>
            </param>
          </params>
          <reporter-output>
          </reporter-output>
        </test-method> <!-- preCondition -->
        <test-method signature="runScenario(io.cucumber.testng.PickleWrapper,io.cucumber.testng.FeatureWrapper)[pri:0, instance:testcases.Create_Lead_01@36c88a32]" started-at="2024-05-06T19:36:54 IST" name="runScenario" description="Runs Cucumber Scenarios" data-provider="scenarios" finished-at="2024-05-06T19:37:41 IST" duration-ms="47769" status="PASS">
          <params>
            <param index="0">
              <value>
                <![CDATA["Verify if the user is able to create a lead in application"]]>
              </value>
            </param>
            <param index="1">
              <value>
                <![CDATA["Optional[Create Lead functionality of the application]"]]>
              </value>
            </param>
          </params>
          <reporter-output>
          </reporter-output>
        </test-method> <!-- runScenario -->
        <test-method is-config="true" signature="postCondition()[pri:0, instance:testcases.Create_Lead_01@36c88a32]" started-at="2024-05-06T19:37:41 IST" name="postCondition" finished-at="2024-05-06T19:37:42 IST" duration-ms="819" status="PASS">
          <reporter-output>
          </reporter-output>
        </test-method> <!-- postCondition -->
        <test-method is-config="true" signature="preCondition(java.lang.String)[pri:0, instance:testcases.Create_Lead_01@36c88a32]" started-at="2024-05-06T19:37:42 IST" name="preCondition" finished-at="2024-05-06T19:38:07 IST" duration-ms="24231" status="PASS">
          <params>
            <param index="0">
              <value>
                <![CDATA[langName]]>
              </value>
            </param>
          </params>
          <reporter-output>
          </reporter-output>
        </test-method> <!-- preCondition -->
        <test-method signature="runScenario(io.cucumber.testng.PickleWrapper,io.cucumber.testng.FeatureWrapper)[pri:0, instance:testcases.Create_Lead_01@36c88a32]" started-at="2024-05-06T19:38:07 IST" name="runScenario" description="Runs Cucumber Scenarios" data-provider="scenarios" finished-at="2024-05-06T19:38:51 IST" duration-ms="44825" status="PASS">
          <params>
            <param index="0">
              <value>
                <![CDATA["Verify if the user is able to create a lead in application"]]>
              </value>
            </param>
            <param index="1">
              <value>
                <![CDATA["Optional[Create Lead functionality of the application]"]]>
              </value>
            </param>
          </params>
          <reporter-output>
          </reporter-output>
        </test-method> <!-- runScenario -->
        <test-method is-config="true" signature="postCondition()[pri:0, instance:testcases.Create_Lead_01@36c88a32]" started-at="2024-05-06T19:38:51 IST" name="postCondition" finished-at="2024-05-06T19:38:52 IST" duration-ms="784" status="PASS">
          <reporter-output>
          </reporter-output>
        </test-method> <!-- postCondition -->
        <test-method is-config="true" signature="preCondition(java.lang.String)[pri:0, instance:testcases.Create_Lead_01@36c88a32]" started-at="2024-05-06T19:38:52 IST" name="preCondition" finished-at="2024-05-06T19:39:20 IST" duration-ms="27923" status="PASS">
          <params>
            <param index="0">
              <value>
                <![CDATA[langName]]>
              </value>
            </param>
          </params>
          <reporter-output>
          </reporter-output>
        </test-method> <!-- preCondition -->
        <test-method signature="runScenario(io.cucumber.testng.PickleWrapper,io.cucumber.testng.FeatureWrapper)[pri:0, instance:testcases.Create_Lead_01@36c88a32]" started-at="2024-05-06T19:39:20 IST" name="runScenario" description="Runs Cucumber Scenarios" data-provider="scenarios" finished-at="2024-05-06T19:39:26 IST" duration-ms="5508" status="PASS">
          <params>
            <param index="0">
              <value>
                <![CDATA["Verify if the user is able to login to the Application with valid username and password"]]>
              </value>
            </param>
            <param index="1">
              <value>
                <![CDATA["Optional[Login Functionality]"]]>
              </value>
            </param>
          </params>
          <reporter-output>
          </reporter-output>
        </test-method> <!-- runScenario -->
        <test-method is-config="true" signature="postCondition()[pri:0, instance:testcases.Create_Lead_01@36c88a32]" started-at="2024-05-06T19:39:26 IST" name="postCondition" finished-at="2024-05-06T19:39:26 IST" duration-ms="826" status="PASS">
          <reporter-output>
          </reporter-output>
        </test-method> <!-- postCondition -->
        <test-method is-config="true" signature="preCondition(java.lang.String)[pri:0, instance:testcases.Create_Lead_01@36c88a32]" started-at="2024-05-06T19:39:26 IST" name="preCondition" finished-at="2024-05-06T19:39:53 IST" duration-ms="26302" status="PASS">
          <params>
            <param index="0">
              <value>
                <![CDATA[langName]]>
              </value>
            </param>
          </params>
          <reporter-output>
          </reporter-output>
        </test-method> <!-- preCondition -->
        <test-method signature="runCreateLead(java.util.Map)[pri:0, instance:testcases.Create_Lead_01@36c88a32]" started-at="2024-05-06T19:39:53 IST" name="runCreateLead" data-provider="fetchData" finished-at="2024-05-06T19:40:28 IST" duration-ms="35472" status="PASS">
          <params>
            <param index="0">
              <value>
                <![CDATA[{password=crmsfa, last name=Radhakrishnan, first name=Hari, company name=Testleaf, username=DemoCSR}]]>
              </value>
            </param>
          </params>
          <reporter-output>
          </reporter-output>
        </test-method> <!-- runCreateLead -->
        <test-method is-config="true" signature="postCondition()[pri:0, instance:testcases.Create_Lead_01@36c88a32]" started-at="2024-05-06T19:40:28 IST" name="postCondition" finished-at="2024-05-06T19:40:29 IST" duration-ms="387" status="PASS">
          <reporter-output>
          </reporter-output>
        </test-method> <!-- postCondition -->
        <test-method is-config="true" signature="tearDownClass()[pri:0, instance:testcases.Create_Lead_01@36c88a32]" started-at="2024-05-06T19:40:29 IST" name="tearDownClass" finished-at="2024-05-06T19:40:29 IST" duration-ms="5" status="PASS">
          <reporter-output>
          </reporter-output>
        </test-method> <!-- tearDownClass -->
        <test-method is-config="true" signature="endResult()[pri:0, instance:testcases.Create_Lead_01@36c88a32]" started-at="2024-05-06T19:40:29 IST" name="endResult" finished-at="2024-05-06T19:40:32 IST" duration-ms="3122" status="PASS">
          <reporter-output>
          </reporter-output>
        </test-method> <!-- endResult -->
      </class> <!-- testcases.Create_Lead_01 -->
    </test> <!-- Test -->
  </suite> <!-- Suite -->
</testng-results>
