<?xml version="1.0" encoding="UTF-8"?>
<testsuite xmlns:xsi="http://www.w3.org/2001/XMLSchema-instance" xsi:noNamespaceSchemaLocation="https://maven.apache.org/surefire/maven-surefire-plugin/xsd/surefire-test-report-3.0.xsd" version="3.0" name="TestSuite" time="258.961" tests="8" errors="0" skipped="0" failures="0">
  <properties>
[...]
</properties>
  <testcase name="runScenario[&quot;Verify if the user is able to create a lead in application&quot;, &quot;Optional[Create Lead functionality of the application]&quot;](1)" classname="testcases.Create_Lead_01" time="45.094">
    <system-out><![CDATA[null
null
]]></system-out>
    <system-err><![CDATA[May 06, 2024 7:36:44 PM org.openqa.selenium.devtools.CdpVersionFinder findNearestMatch
WARNING: Unable to find an exact match for CDP version 124, returning the closest version; found: 121; Please update to a Selenium version that supports CDP version 124
May 06, 2024 7:36:46 PM org.openqa.selenium.devtools.CdpVersionFinder findNearestMatch
WARNING: Unable to find an exact match for CDP version 124, returning the closest version; found: 121; Please update to a Selenium version that supports CDP version 124
]]></system-err>
  </testcase>
  <testcase name="runScenario[&quot;Verify if the user is able to create a lead in application&quot;, &quot;Optional[Create Lead functionality of the application]&quot;](2)" classname="testcases.Create_Lead_01" time="44.261"/>
  <testcase name="runScenario[&quot;Verify if the user is able to login to the Application with valid username and password&quot;, &quot;Optional[Login Functionality]&quot;](3)" classname="testcases.Create_Lead_01" time="5.511">
    <system-out><![CDATA[Homepage is verified
]]></system-out>
  </testcase>
  <testcase name="runCreateLead[{password=crmsfa, last name=Radhakrishnan, first name=Hari, company name=Testleaf, username=DemoCSR}](1)" classname="testcases.Create_Lead_01" time="35.472">
    <system-out><![CDATA[null
]]></system-out>
    <system-err><![CDATA[┌───────────────────────────────────────────────────────────────────────────────────┐
│ Share your Cucumber Report with your team at https://reports.cucumber.io          │
│ Activate publishing with one of the following:                                    │
│                                                                                   │
│ src/test/resources/cucumber.properties:          cucumber.publish.enabled=true    │
│ src/test/resources/junit-platform.properties:    cucumber.publish.enabled=true    │
│ Environment variable:                            CUCUMBER_PUBLISH_ENABLED=true    │
│ JUnit:                                           @CucumberOptions(publish = true) │
│                                                                                   │
│ More information at https://cucumber.io/docs/cucumber/environment-variables/      │
│                                                                                   │
│ Disable this message with one of the following:                                   │
│                                                                                   │
│ src/test/resources/cucumber.properties:          cucumber.publish.quiet=true      │
│ src/test/resources/junit-platform.properties:    cucumber.publish.quiet=true      │
└───────────────────────────────────────────────────────────────────────────────────┘
]]></system-err>
  </testcase>
  <testcase name="runScenario[&quot;Verify if the user is able to create a lead in application&quot;, &quot;Optional[Create Lead functionality of the application]&quot;](1)" classname="testcases.Login_TC_01" time="47.12"/>
  <testcase name="runScenario[&quot;Verify if the user is able to create a lead in application&quot;, &quot;Optional[Create Lead functionality of the application]&quot;](2)" classname="testcases.Login_TC_01" time="42.108">
    <system-out><![CDATA[null
null
]]></system-out>
    <system-err><![CDATA[May 06, 2024 7:37:56 PM org.openqa.selenium.devtools.CdpVersionFinder findNearestMatch
WARNING: Unable to find an exact match for CDP version 124, returning the closest version; found: 121; Please update to a Selenium version that supports CDP version 124
May 06, 2024 7:37:57 PM org.openqa.selenium.devtools.CdpVersionFinder findNearestMatch
WARNING: Unable to find an exact match for CDP version 124, returning the closest version; found: 121; Please update to a Selenium version that supports CDP version 124
]]></system-err>
  </testcase>
  <testcase name="runScenario[&quot;Verify if the user is able to login to the Application with valid username and password&quot;, &quot;Optional[Login Functionality]&quot;](3)" classname="testcases.Login_TC_01" time="2.69">
    <system-out><![CDATA[Homepage is verified
]]></system-out>
    <system-err><![CDATA[May 06, 2024 7:39:06 PM org.openqa.selenium.devtools.CdpVersionFinder findNearestMatch
WARNING: Unable to find an exact match for CDP version 124, returning the closest version; found: 121; Please update to a Selenium version that supports CDP version 124
May 06, 2024 7:39:09 PM org.openqa.selenium.devtools.CdpVersionFinder findNearestMatch
WARNING: Unable to find an exact match for CDP version 124, returning the closest version; found: 121; Please update to a Selenium version that supports CDP version 124
]]></system-err>
  </testcase>
  <testcase name="runLogin[{password=crmsfa, username=DemoCSR}](1)" classname="testcases.Login_TC_01" time="5.562">
    <system-out><![CDATA[DemoCSR
crmsfa
{password=crmsfa, last name=Radhakrishnan, first name=Hari, company name=Testleaf, username=DemoCSR}
DemoCSR
crmsfa
Homepage is verified
]]></system-out>
    <system-err><![CDATA[May 06, 2024 7:39:37 PM org.openqa.selenium.devtools.CdpVersionFinder findNearestMatch
WARNING: Unable to find an exact match for CDP version 124, returning the closest version; found: 121; Please update to a Selenium version that supports CDP version 124
May 06, 2024 7:39:40 PM org.openqa.selenium.devtools.CdpVersionFinder findNearestMatch
WARNING: Unable to find an exact match for CDP version 124, returning the closest version; found: 121; Please update to a Selenium version that supports CDP version 124
]]></system-err>
  </testcase>
</testsuite>